<?xml version="1.0" encoding="UTF-8"?>
<!-- Generated by org.testng.reporters.JUnitXMLReporter -->
<testsuite hostname="AJITH" ignored="3" name="Default test(failed)" tests="1" failures="1" timestamp="09 Apr 2022 07:46:52 GMT" time="0.096" errors="0">
  <testcase name="t3" time="0.017" classname="revision.Methods">
    <failure type="java.lang.AssertionError" message="expected [true] but found [false]">
      <![CDATA[java.lang.AssertionError: expected [true] but found [false]
at revision.Methods.t3(Methods.java:38)
... Removed 29 stack frames]]>
    </failure>
  </testcase> <!-- t3 -->
  <testcase name="t1" time="0.0" classname="revision.Methods">
    <ignored/>
  </testcase> <!-- t1 -->
  <testcase name="t2" time="0.0" classname="revision.Methods">
    <ignored/>
  </testcase> <!-- t2 -->
  <testcase name="t4" time="0.0" classname="revision.Methods">
    <ignored/>
  </testcase> <!-- t4 -->
</testsuite> <!-- Default test(failed) -->
