<?xml version="1.0" encoding="UTF-8"?>
<!-- Generated by org.testng.reporters.JUnitXMLReporter -->
<testsuite hostname="AJITH" ignored="0" name="Test" tests="6" failures="3" timestamp="14 Apr 2022 06:49:43 GMT" time="0.143" errors="0">
  <testcase name="test1" time="0.026" classname="org.RerunwithOutKnown.b"/>
  <testcase name="test1" time="0.028" classname="org.RerunwithOutKnown.suite">
    <failure type="java.lang.AssertionError" message="expected [true] but found [false]">
      <![CDATA[java.lang.AssertionError: expected [true] but found [false]
at org.RerunwithOutKnown.suite.test1(suite.java:11)
at java.util.concurrent.ThreadPoolExecutor.runWorker(Unknown Source)
at java.util.concurrent.ThreadPoolExecutor$Worker.run(Unknown Source)
at java.lang.Thread.run(Unknown Source)
... Removed 14 stack frames]]>
    </failure>
  </testcase> <!-- test1 -->
  <testcase name="test2" time="0.007" classname="org.RerunwithOutKnown.b">
    <failure type="java.lang.AssertionError" message="expected [true] but found [false]">
      <![CDATA[java.lang.AssertionError: expected [true] but found [false]
at org.RerunwithOutKnown.b.test2(b.java:16)
at java.util.concurrent.ThreadPoolExecutor.runWorker(Unknown Source)
at java.util.concurrent.ThreadPoolExecutor$Worker.run(Unknown Source)
at java.lang.Thread.run(Unknown Source)
... Removed 14 stack frames]]>
    </failure>
  </testcase> <!-- test2 -->
  <testcase name="test5" time="0.04" classname="org.RerunwithOutKnown.c">
    <failure type="java.lang.AssertionError" message="expected [true] but found [false]">
      <![CDATA[java.lang.AssertionError: expected [true] but found [false]
at org.RerunwithOutKnown.c.test5(c.java:14)
at java.util.concurrent.ThreadPoolExecutor.runWorker(Unknown Source)
at java.util.concurrent.ThreadPoolExecutor$Worker.run(Unknown Source)
at java.lang.Thread.run(Unknown Source)
... Removed 14 stack frames]]>
    </failure>
  </testcase> <!-- test5 -->
  <testcase name="test6" time="0.002" classname="org.RerunwithOutKnown.c"/>
  <testcase name="test2" time="0.005" classname="org.RerunwithOutKnown.suite"/>
</testsuite> <!-- Test -->
