<?xml version="1.0" encoding="UTF-8"?>
<!-- Generated by org.testng.reporters.JUnitXMLReporter -->
<testsuite hostname="AJITH" ignored="0" name="Test2" tests="2" failures="2" timestamp="15 Apr 2022 02:54:19 GMT" time="28.631" errors="0">
  <testcase name="t1" time="27.179" classname="org.parallel.Fb">
    <failure type="org.openqa.selenium.WebDriverException" message="unknown error: MSEdge failed to start: exited normally.
  (chrome not reachable)
  (The process started from msedge location C:\Program Files\Microsoft\Edge\Application\msedge.exe is no longer running, so MSEdgeDriver is assuming that MSEdge has crashed.)
Build info: version: &amp;apos;3.141.59&amp;apos;, revision: &amp;apos;e82be7d358&amp;apos;, time: &amp;apos;2018-11-14T08:17:03&amp;apos;
System info: host: &amp;apos;AJITH&amp;apos;, ip: &amp;apos;192.168.0.113&amp;apos;, os.name: &amp;apos;Windows 8&amp;apos;, os.arch: &amp;apos;x86&amp;apos;, os.version: &amp;apos;6.2&amp;apos;, java.version: &amp;apos;1.8.0_321&amp;apos;
Driver info: driver.version: EdgeDriver
remote stacktrace: Backtrace:
	Microsoft::Applications::Events::EventProperties::unpack [0x00C2ABF3+57891]
	Microsoft::Applications::Events::ISemanticContext::SetCommonField [0x00B07E91+1418945]
	Microsoft::Applications::Events::ILogConfiguration::operator* [0x008F43DE+3470]
	Microsoft::Applications::Events::GUID_t::GUID_t [0x00910683+44451]
	Microsoft::Applications::Events::GUID_t::GUID_t [0x0090CA19+28985]
	Microsoft::Applications::Events::GUID_t::GUID_t [0x00936F48+202344]
	Microsoft::Applications::Events::GUID_t::GUID_t [0x0093696E+200846]
	Microsoft::Applications::Events::GUID_t::GUID_t [0x00931E06+181542]
	Microsoft::Applications::Events::GUID_t::GUID_t [0x009150D6+63478]
	Microsoft::Applications::Events::GUID_t::GUID_t [0x00915E66+66950]
	Microsoft::Applications::Events::ISemanticContext::SetCommonField [0x00B224B5+1527013]
	Microsoft::Applications::Events::ILogManager::DispatchEventBroadcast [0x00DAC1A2+117554]
	Microsoft::Applications::Events::ILogManager::DispatchEventBroadcast [0x00DABE47+116695]
	Microsoft::Applications::Events::ILogManager::DispatchEventBroadcast [0x00DAFF00+133264]
	Microsoft::Applications::Events::ILogManager::DispatchEventBroadcast [0x00DAC88C+119324]
	Microsoft::Applications::Events::ISemanticContext::SetCommonField [0x00B19F27+1492823]
	Microsoft::Applications::Events::ISemanticContext::SetCommonField [0x00B24D28+1537368]
	Microsoft::Applications::Events::ISemanticContext::SetCommonField [0x00B24EB2+1537762]
	Microsoft::Applications::Events::ISemanticContext::SetCommonField [0x00B36692+1609410]
	BaseThreadInitThunk [0x7739173E+18]
	LdrInitializeThunk [0x77700409+593]
	LdrInitializeThunk [0x777003B5+509]
">
      <![CDATA[org.openqa.selenium.WebDriverException: unknown error: MSEdge failed to start: exited normally.
  (chrome not reachable)
  (The process started from msedge location C:\Program Files\Microsoft\Edge\Application\msedge.exe is no longer running, so MSEdgeDriver is assuming that MSEdge has crashed.)
Build info: version: '3.141.59', revision: 'e82be7d358', time: '2018-11-14T08:17:03'
System info: host: 'AJITH', ip: '192.168.0.113', os.name: 'Windows 8', os.arch: 'x86', os.version: '6.2', java.version: '1.8.0_321'
Driver info: driver.version: EdgeDriver
remote stacktrace: Backtrace:
Microsoft::Applications::Events::EventProperties::unpack [0x00C2ABF3+57891]
Microsoft::Applications::Events::ISemanticContext::SetCommonField [0x00B07E91+1418945]
Microsoft::Applications::Events::ILogConfiguration::operator* [0x008F43DE+3470]
Microsoft::Applications::Events::GUID_t::GUID_t [0x00910683+44451]
Microsoft::Applications::Events::GUID_t::GUID_t [0x0090CA19+28985]
Microsoft::Applications::Events::GUID_t::GUID_t [0x00936F48+202344]
Microsoft::Applications::Events::GUID_t::GUID_t [0x0093696E+200846]
Microsoft::Applications::Events::GUID_t::GUID_t [0x00931E06+181542]
Microsoft::Applications::Events::GUID_t::GUID_t [0x009150D6+63478]
Microsoft::Applications::Events::GUID_t::GUID_t [0x00915E66+66950]
Microsoft::Applications::Events::ISemanticContext::SetCommonField [0x00B224B5+1527013]
Microsoft::Applications::Events::ILogManager::DispatchEventBroadcast [0x00DAC1A2+117554]
Microsoft::Applications::Events::ILogManager::DispatchEventBroadcast [0x00DABE47+116695]
Microsoft::Applications::Events::ILogManager::DispatchEventBroadcast [0x00DAFF00+133264]
Microsoft::Applications::Events::ILogManager::DispatchEventBroadcast [0x00DAC88C+119324]
Microsoft::Applications::Events::ISemanticContext::SetCommonField [0x00B19F27+1492823]
Microsoft::Applications::Events::ISemanticContext::SetCommonField [0x00B24D28+1537368]
Microsoft::Applications::Events::ISemanticContext::SetCommonField [0x00B24EB2+1537762]
Microsoft::Applications::Events::ISemanticContext::SetCommonField [0x00B36692+1609410]
BaseThreadInitThunk [0x7739173E+18]
LdrInitializeThunk [0x77700409+593]
LdrInitializeThunk [0x777003B5+509]

at org.openqa.selenium.remote.W3CHandshakeResponse.lambda$errorHandler$0(W3CHandshakeResponse.java:62)
at org.openqa.selenium.remote.HandshakeResponse.lambda$getResponseFunction$0(HandshakeResponse.java:30)
at org.openqa.selenium.remote.ProtocolHandshake.lambda$createSession$0(ProtocolHandshake.java:126)
at java.util.stream.ReferencePipeline$3$1.accept(Unknown Source)
at java.util.Spliterators$ArraySpliterator.tryAdvance(Unknown Source)
at java.util.stream.ReferencePipeline.forEachWithCancel(Unknown Source)
at java.util.stream.AbstractPipeline.copyIntoWithCancel(Unknown Source)
at java.util.stream.AbstractPipeline.copyInto(Unknown Source)
at java.util.stream.AbstractPipeline.wrapAndCopyInto(Unknown Source)
at java.util.stream.FindOps$FindOp.evaluateSequential(Unknown Source)
at java.util.stream.AbstractPipeline.evaluate(Unknown Source)
at java.util.stream.ReferencePipeline.findFirst(Unknown Source)
at org.openqa.selenium.remote.ProtocolHandshake.createSession(ProtocolHandshake.java:128)
at org.openqa.selenium.remote.ProtocolHandshake.createSession(ProtocolHandshake.java:74)
at org.openqa.selenium.remote.HttpCommandExecutor.execute(HttpCommandExecutor.java:136)
at org.openqa.selenium.remote.service.DriverCommandExecutor.execute(DriverCommandExecutor.java:83)
at org.openqa.selenium.remote.RemoteWebDriver.execute(RemoteWebDriver.java:552)
at org.openqa.selenium.remote.RemoteWebDriver.startSession(RemoteWebDriver.java:213)
at org.openqa.selenium.remote.RemoteWebDriver.<init>(RemoteWebDriver.java:131)
at org.openqa.selenium.edge.EdgeDriver.<init>(EdgeDriver.java:141)
at org.openqa.selenium.edge.EdgeDriver.<init>(EdgeDriver.java:96)
at org.Base.BaseClass.launchBrowser(BaseClass.java:51)
at org.parallel.Fb.t1(Fb.java:13)
at java.util.concurrent.ThreadPoolExecutor.runWorker(Unknown Source)
at java.util.concurrent.ThreadPoolExecutor$Worker.run(Unknown Source)
at java.lang.Thread.run(Unknown Source)
... Removed 14 stack frames]]>
    </failure>
  </testcase> <!-- t1 -->
  <testcase name="t2" time="28.621" classname="org.parallel.Fb">
    <failure type="org.openqa.selenium.WebDriverException" message="unknown error: MSEdge failed to start: exited normally.
  (chrome not reachable)
  (The process started from msedge location C:\Program Files\Microsoft\Edge\Application\msedge.exe is no longer running, so MSEdgeDriver is assuming that MSEdge has crashed.)
Build info: version: &amp;apos;3.141.59&amp;apos;, revision: &amp;apos;e82be7d358&amp;apos;, time: &amp;apos;2018-11-14T08:17:03&amp;apos;
System info: host: &amp;apos;AJITH&amp;apos;, ip: &amp;apos;192.168.0.113&amp;apos;, os.name: &amp;apos;Windows 8&amp;apos;, os.arch: &amp;apos;x86&amp;apos;, os.version: &amp;apos;6.2&amp;apos;, java.version: &amp;apos;1.8.0_321&amp;apos;
Driver info: driver.version: EdgeDriver
remote stacktrace: Backtrace:
	Microsoft::Applications::Events::EventProperties::unpack [0x00C2ABF3+57891]
	Microsoft::Applications::Events::ISemanticContext::SetCommonField [0x00B07E91+1418945]
	Microsoft::Applications::Events::ILogConfiguration::operator* [0x008F43DE+3470]
	Microsoft::Applications::Events::GUID_t::GUID_t [0x00910683+44451]
	Microsoft::Applications::Events::GUID_t::GUID_t [0x0090CA19+28985]
	Microsoft::Applications::Events::GUID_t::GUID_t [0x00936F48+202344]
	Microsoft::Applications::Events::GUID_t::GUID_t [0x0093696E+200846]
	Microsoft::Applications::Events::GUID_t::GUID_t [0x00931E06+181542]
	Microsoft::Applications::Events::GUID_t::GUID_t [0x009150D6+63478]
	Microsoft::Applications::Events::GUID_t::GUID_t [0x00915E66+66950]
	Microsoft::Applications::Events::ISemanticContext::SetCommonField [0x00B224B5+1527013]
	Microsoft::Applications::Events::ILogManager::DispatchEventBroadcast [0x00DAC1A2+117554]
	Microsoft::Applications::Events::ILogManager::DispatchEventBroadcast [0x00DABE47+116695]
	Microsoft::Applications::Events::ILogManager::DispatchEventBroadcast [0x00DAFF00+133264]
	Microsoft::Applications::Events::ILogManager::DispatchEventBroadcast [0x00DAC88C+119324]
	Microsoft::Applications::Events::ISemanticContext::SetCommonField [0x00B19F27+1492823]
	Microsoft::Applications::Events::ISemanticContext::SetCommonField [0x00B24D28+1537368]
	Microsoft::Applications::Events::ISemanticContext::SetCommonField [0x00B24EB2+1537762]
	Microsoft::Applications::Events::ISemanticContext::SetCommonField [0x00B36692+1609410]
	BaseThreadInitThunk [0x7739173E+18]
	LdrInitializeThunk [0x77700409+593]
	LdrInitializeThunk [0x777003B5+509]
">
      <![CDATA[org.openqa.selenium.WebDriverException: unknown error: MSEdge failed to start: exited normally.
  (chrome not reachable)
  (The process started from msedge location C:\Program Files\Microsoft\Edge\Application\msedge.exe is no longer running, so MSEdgeDriver is assuming that MSEdge has crashed.)
Build info: version: '3.141.59', revision: 'e82be7d358', time: '2018-11-14T08:17:03'
System info: host: 'AJITH', ip: '192.168.0.113', os.name: 'Windows 8', os.arch: 'x86', os.version: '6.2', java.version: '1.8.0_321'
Driver info: driver.version: EdgeDriver
remote stacktrace: Backtrace:
Microsoft::Applications::Events::EventProperties::unpack [0x00C2ABF3+57891]
Microsoft::Applications::Events::ISemanticContext::SetCommonField [0x00B07E91+1418945]
Microsoft::Applications::Events::ILogConfiguration::operator* [0x008F43DE+3470]
Microsoft::Applications::Events::GUID_t::GUID_t [0x00910683+44451]
Microsoft::Applications::Events::GUID_t::GUID_t [0x0090CA19+28985]
Microsoft::Applications::Events::GUID_t::GUID_t [0x00936F48+202344]
Microsoft::Applications::Events::GUID_t::GUID_t [0x0093696E+200846]
Microsoft::Applications::Events::GUID_t::GUID_t [0x00931E06+181542]
Microsoft::Applications::Events::GUID_t::GUID_t [0x009150D6+63478]
Microsoft::Applications::Events::GUID_t::GUID_t [0x00915E66+66950]
Microsoft::Applications::Events::ISemanticContext::SetCommonField [0x00B224B5+1527013]
Microsoft::Applications::Events::ILogManager::DispatchEventBroadcast [0x00DAC1A2+117554]
Microsoft::Applications::Events::ILogManager::DispatchEventBroadcast [0x00DABE47+116695]
Microsoft::Applications::Events::ILogManager::DispatchEventBroadcast [0x00DAFF00+133264]
Microsoft::Applications::Events::ILogManager::DispatchEventBroadcast [0x00DAC88C+119324]
Microsoft::Applications::Events::ISemanticContext::SetCommonField [0x00B19F27+1492823]
Microsoft::Applications::Events::ISemanticContext::SetCommonField [0x00B24D28+1537368]
Microsoft::Applications::Events::ISemanticContext::SetCommonField [0x00B24EB2+1537762]
Microsoft::Applications::Events::ISemanticContext::SetCommonField [0x00B36692+1609410]
BaseThreadInitThunk [0x7739173E+18]
LdrInitializeThunk [0x77700409+593]
LdrInitializeThunk [0x777003B5+509]

at org.openqa.selenium.remote.W3CHandshakeResponse.lambda$errorHandler$0(W3CHandshakeResponse.java:62)
at org.openqa.selenium.remote.HandshakeResponse.lambda$getResponseFunction$0(HandshakeResponse.java:30)
at org.openqa.selenium.remote.ProtocolHandshake.lambda$createSession$0(ProtocolHandshake.java:126)
at java.util.stream.ReferencePipeline$3$1.accept(Unknown Source)
at java.util.Spliterators$ArraySpliterator.tryAdvance(Unknown Source)
at java.util.stream.ReferencePipeline.forEachWithCancel(Unknown Source)
at java.util.stream.AbstractPipeline.copyIntoWithCancel(Unknown Source)
at java.util.stream.AbstractPipeline.copyInto(Unknown Source)
at java.util.stream.AbstractPipeline.wrapAndCopyInto(Unknown Source)
at java.util.stream.FindOps$FindOp.evaluateSequential(Unknown Source)
at java.util.stream.AbstractPipeline.evaluate(Unknown Source)
at java.util.stream.ReferencePipeline.findFirst(Unknown Source)
at org.openqa.selenium.remote.ProtocolHandshake.createSession(ProtocolHandshake.java:128)
at org.openqa.selenium.remote.ProtocolHandshake.createSession(ProtocolHandshake.java:74)
at org.openqa.selenium.remote.HttpCommandExecutor.execute(HttpCommandExecutor.java:136)
at org.openqa.selenium.remote.service.DriverCommandExecutor.execute(DriverCommandExecutor.java:83)
at org.openqa.selenium.remote.RemoteWebDriver.execute(RemoteWebDriver.java:552)
at org.openqa.selenium.remote.RemoteWebDriver.startSession(RemoteWebDriver.java:213)
at org.openqa.selenium.remote.RemoteWebDriver.<init>(RemoteWebDriver.java:131)
at org.openqa.selenium.edge.EdgeDriver.<init>(EdgeDriver.java:141)
at org.openqa.selenium.edge.EdgeDriver.<init>(EdgeDriver.java:96)
at org.Base.BaseClass.launchBrowser(BaseClass.java:51)
at org.parallel.Fb.t2(Fb.java:22)
at java.util.concurrent.ThreadPoolExecutor.runWorker(Unknown Source)
at java.util.concurrent.ThreadPoolExecutor$Worker.run(Unknown Source)
at java.lang.Thread.run(Unknown Source)
... Removed 14 stack frames]]>
    </failure>
  </testcase> <!-- t2 -->
</testsuite> <!-- Test2 -->
