<?xml version="1.0" encoding="UTF-8"?>
<!-- Generated by org.testng.reporters.JUnitXMLReporter -->
<testsuite hostname="AJITH" ignored="1" name="Default test(failed)(failed)" tests="1" failures="1" timestamp="07 Apr 2022 08:42:24 GMT" time="9.169" errors="0">
  <testcase name="t1" time="9.113" classname="org.rerunFB.FbLogin">
    <failure type="java.lang.AssertionError" message="verify url expected [true] but found [false]">
      <![CDATA[java.lang.AssertionError: verify url expected [true] but found [false]
at org.rerunFB.FbLogin.t1(FbLogin.java:15)
... Removed 28 stack frames]]>
    </failure>
  </testcase> <!-- t1 -->
  <testcase name="t2" time="0.0" classname="org.rerunFB.FbLogin">
    <ignored/>
  </testcase> <!-- t2 -->
</testsuite> <!-- Default test(failed)(failed) -->
