<?xml version="1.0" encoding="UTF-8"?>
<!-- Generated by org.testng.reporters.JUnitXMLReporter -->
<testsuite hostname="AJITH" ignored="2" name="Test(failed)" tests="1" failures="1" timestamp="10 Apr 2022 04:31:44 GMT" time="8.927" errors="0">
  <testcase name="t1" time="8.849" classname="org.revision.rerunFaileed.bL">
    <failure type="java.lang.AssertionError" message="expected [Ajith@123.com] but found [false]">
      <![CDATA[java.lang.AssertionError: expected [Ajith@123.com] but found [false]
at org.revision.rerunFaileed.bL.t1(bL.java:24)
... Removed 30 stack frames]]>
    </failure>
  </testcase> <!-- t1 -->
  <testcase name="t2" time="0.0" classname="org.revision.rerunFaileed.bL">
    <ignored/>
  </testcase> <!-- t2 -->
  <testcase name="t3" time="0.0" classname="org.revision.rerunFaileed.bL">
    <ignored/>
  </testcase> <!-- t3 -->
</testsuite> <!-- Test(failed) -->
