<?xml version="1.0" encoding="UTF-8"?>
<!-- Generated by org.testng.reporters.JUnitXMLReporter -->
<testsuite hostname="AJITH" ignored="0" name="Test" tests="6" failures="0" timestamp="30 Mar 2022 14:37:53 GMT" time="0.127" errors="0">
  <testcase name="test1" time="0.015" classname="org.suitee.b"/>
  <testcase name="test2" time="0.0" classname="org.suitee.b"/>
  <testcase name="test5" time="0.018" classname="org.suitee.c"/>
  <testcase name="test6" time="0.0" classname="org.suitee.c"/>
  <testcase name="test1" time="0.0" classname="org.suitee.suite"/>
  <testcase name="test2" time="0.0" classname="org.suitee.suite"/>
</testsuite> <!-- Test -->
